<?xml version="1.0" encoding="UTF-8"?>
<testsuite xmlns:xsi="http://www.w3.org/2001/XMLSchema-instance" xsi:noNamespaceSchemaLocation="https://maven.apache.org/surefire/maven-surefire-plugin/xsd/surefire-test-report.xsd" name="ada.texttospeech.AdaTextToSpeechClientTest" time="0.911" tests="3" errors="0" skipped="0" failures="0">
  <properties>
[...]
</properties>
  <testcase name="getAudio_nullInput_isEmpty" classname="ada.texttospeech.AdaTextToSpeechClientTest" time="0.151"/>
  <testcase name="getAudio_invalidAudio_isEmpty" classname="ada.texttospeech.AdaTextToSpeechClientTest" time="0.019"/>
  <testcase name="getAudio_validAudio_Succeeds" classname="ada.texttospeech.AdaTextToSpeechClientTest" time="0.006"/>
</testsuite>