<?xml version="1.0" encoding="UTF-8"?>
<testsuite xmlns:xsi="http://www.w3.org/2001/XMLSchema-instance" xsi:noNamespaceSchemaLocation="https://maven.apache.org/surefire/maven-surefire-plugin/xsd/surefire-test-report.xsd" name="ada.AdaServer_Test" time="1.468" tests="4" errors="0" skipped="0" failures="0">
  <properties>
[...]
</properties>
  <testcase name="testConnectManyHostsSucceeds" classname="ada.AdaServer_Test" time="0.901"/>
  <testcase name="testIllegalArgumentPortNegativeFails" classname="ada.AdaServer_Test" time="0.071"/>
  <testcase name="testIllegalArgumentPortLowFails" classname="ada.AdaServer_Test" time="0.089"/>
  <testcase name="testIllegalArgumentPortHighFails" classname="ada.AdaServer_Test" time="0.089"/>
</testsuite>